<?xml version="1.0" encoding="UTF-8"?>
<testng-results skipped="0" failed="0" total="2" passed="2">
  <reporter-output>
  </reporter-output>
  <suite name="Surefire suite" duration-ms="9480" started-at="2017-08-01T01:32:31Z" finished-at="2017-08-01T01:32:40Z">
    <groups>
    </groups>
    <test name="Surefire test" duration-ms="9480" started-at="2017-08-01T01:32:31Z" finished-at="2017-08-01T01:32:40Z">
      <class name="com.javatpointtest.TestNGTest">
        <test-method status="PASS" signature="simplemethod()[pri:0, instance:com.javatpointtest.TestNGTest@246ae04d]" name="simplemethod" duration-ms="29" started-at="2017-07-31T20:32:40Z" finished-at="2017-07-31T20:32:40Z">
          <reporter-output>
          </reporter-output>
        </test-method> <!-- simplemethod -->
      </class> <!-- com.javatpointtest.TestNGTest -->
      <class name="com.javatpointtest.TestNGwebtest2">
        <test-method status="PASS" signature="launchBrowser()[pri:0, instance:com.javatpointtest.TestNGwebtest2@3fb6a447]" name="launchBrowser" is-config="true" duration-ms="9194" started-at="2017-07-31T20:32:31Z" finished-at="2017-07-31T20:32:40Z">
          <reporter-output>
          </reporter-output>
        </test-method> <!-- launchBrowser -->
        <test-method status="PASS" signature="connectglobewebapptest()[pri:0, instance:com.javatpointtest.TestNGwebtest2@3fb6a447]" name="connectglobewebapptest" duration-ms="167" started-at="2017-07-31T20:32:40Z" finished-at="2017-07-31T20:32:40Z">
          <reporter-output>
          </reporter-output>
        </test-method> <!-- connectglobewebapptest -->
        <test-method status="PASS" signature="terminateBrowser()[pri:0, instance:com.javatpointtest.TestNGwebtest2@3fb6a447]" name="terminateBrowser" is-config="true" duration-ms="18" started-at="2017-07-31T20:32:40Z" finished-at="2017-07-31T20:32:40Z">
          <reporter-output>
          </reporter-output>
        </test-method> <!-- terminateBrowser -->
      </class> <!-- com.javatpointtest.TestNGwebtest2 -->
    </test> <!-- Surefire test -->
  </suite> <!-- Surefire suite -->
</testng-results>
