<?xml version="1.0" encoding="UTF-8"?>
<testng-results skipped="0" failed="0" total="2" passed="2">
  <reporter-output>
  </reporter-output>
  <suite name="Connect Globe Suite" duration-ms="8475" started-at="2017-08-01T01:31:26Z" finished-at="2017-08-01T01:31:34Z">
    <groups>
    </groups>
    <test name="test" duration-ms="8475" started-at="2017-08-01T01:31:26Z" finished-at="2017-08-01T01:31:34Z">
      <class name="com.javatpointtest.TestNGTest">
        <test-method status="PASS" signature="simplemethod()[pri:0, instance:com.javatpointtest.TestNGTest@3abbfa04]" name="simplemethod" duration-ms="56" started-at="2017-07-31T20:31:34Z" finished-at="2017-07-31T20:31:34Z">
          <reporter-output>
          </reporter-output>
        </test-method> <!-- simplemethod -->
      </class> <!-- com.javatpointtest.TestNGTest -->
      <class name="com.javatpointtest.TestNGwebtest2">
        <test-method status="PASS" signature="launchBrowser()[pri:0, instance:com.javatpointtest.TestNGwebtest2@39c0f4a]" name="launchBrowser" is-config="true" duration-ms="8064" started-at="2017-07-31T20:31:26Z" finished-at="2017-07-31T20:31:34Z">
          <reporter-output>
          </reporter-output>
        </test-method> <!-- launchBrowser -->
        <test-method status="PASS" signature="connectglobewebapptest()[pri:0, instance:com.javatpointtest.TestNGwebtest2@39c0f4a]" name="connectglobewebapptest" duration-ms="248" started-at="2017-07-31T20:31:34Z" finished-at="2017-07-31T20:31:34Z">
          <reporter-output>
          </reporter-output>
        </test-method> <!-- connectglobewebapptest -->
        <test-method status="PASS" signature="terminateBrowser()[pri:0, instance:com.javatpointtest.TestNGwebtest2@39c0f4a]" name="terminateBrowser" is-config="true" duration-ms="26" started-at="2017-07-31T20:31:34Z" finished-at="2017-07-31T20:31:34Z">
          <reporter-output>
          </reporter-output>
        </test-method> <!-- terminateBrowser -->
      </class> <!-- com.javatpointtest.TestNGwebtest2 -->
    </test> <!-- test -->
  </suite> <!-- Connect Globe Suite -->
</testng-results>
